[27-Mar-2025 01:14:25 Europe/Berlin] PHP Warning:  require(partial-files/head.html): Failed to open stream: No such file or directory in C:\xampp\htdocs\mysumbolearning-socialmedia\secure_pages\login.php on line 13
[27-Mar-2025 01:14:25 Europe/Berlin] PHP Fatal error:  Uncaught Error: Failed opening required 'partial-files/head.html' (include_path='C:\xampp\php\PEAR') in C:\xampp\htdocs\mysumbolearning-socialmedia\secure_pages\login.php:13
Stack trace:
#0 {main}
  thrown in C:\xampp\htdocs\mysumbolearning-socialmedia\secure_pages\login.php on line 13
[27-Mar-2025 01:14:52 Europe/Berlin] PHP Warning:  require(partial-files/footer.html): Failed to open stream: No such file or directory in C:\xampp\htdocs\mysumbolearning-socialmedia\secure_pages\login.php on line 67
[27-Mar-2025 01:14:52 Europe/Berlin] PHP Fatal error:  Uncaught Error: Failed opening required 'partial-files/footer.html' (include_path='C:\xampp\php\PEAR') in C:\xampp\htdocs\mysumbolearning-socialmedia\secure_pages\login.php:67
Stack trace:
#0 {main}
  thrown in C:\xampp\htdocs\mysumbolearning-socialmedia\secure_pages\login.php on line 67
[27-Mar-2025 13:35:02 Europe/Berlin] PHP Notice:  session_start(): Ignoring session_start() because a session is already active in C:\xampp\htdocs\mysumbolearning-socialmedia\secure_pages\admin\courses\instructors.php on line 11
[27-Mar-2025 13:35:02 Europe/Berlin] PHP Warning:  require(config.php): Failed to open stream: No such file or directory in C:\xampp\htdocs\mysumbolearning-socialmedia\secure_pages\admin\courses\instructors.php on line 12
[27-Mar-2025 13:35:02 Europe/Berlin] PHP Fatal error:  Uncaught Error: Failed opening required 'config.php' (include_path='C:\xampp\php\PEAR') in C:\xampp\htdocs\mysumbolearning-socialmedia\secure_pages\admin\courses\instructors.php:12
Stack trace:
#0 C:\xampp\htdocs\mysumbolearning-socialmedia\secure_pages\courses.php(85): require()
#1 {main}
  thrown in C:\xampp\htdocs\mysumbolearning-socialmedia\secure_pages\admin\courses\instructors.php on line 12
[27-Mar-2025 14:29:00 Europe/Berlin] PHP Warning:  Undefined variable $role in C:\xampp\htdocs\mysumbolearning-socialmedia\secure_pages\admin\users\add-user.php on line 21
[27-Mar-2025 14:29:12 Europe/Berlin] PHP Warning:  Undefined variable $role in C:\xampp\htdocs\mysumbolearning-socialmedia\secure_pages\admin\users\add-user.php on line 21
[27-Mar-2025 14:29:47 Europe/Berlin] PHP Warning:  Undefined array key "getrole" in C:\xampp\htdocs\mysumbolearning-socialmedia\secure_pages\admin\users\add-user.php on line 14
[27-Mar-2025 14:30:05 Europe/Berlin] PHP Warning:  Undefined array key "getrole" in C:\xampp\htdocs\mysumbolearning-socialmedia\secure_pages\admin\users\add-user.php on line 14
[28-Mar-2025 03:18:59 Europe/Berlin] PHP Warning:  Undefined array key "user_role" in C:\xampp\htdocs\mysumbolearning-socialmedia\secure_pages\partial-files\left-sidebar.php on line 17
[01-Apr-2025 14:47:46 Europe/Berlin] PHP Warning:  include(config.php): Failed to open stream: No such file or directory in C:\xampp\htdocs\mysumbo\secure_pages\admin\users\cart.php on line 2
[01-Apr-2025 14:47:46 Europe/Berlin] PHP Warning:  include(): Failed opening 'config.php' for inclusion (include_path='C:\xampp\php\PEAR') in C:\xampp\htdocs\mysumbo\secure_pages\admin\users\cart.php on line 2
[01-Apr-2025 16:17:57 Europe/Berlin] PHP Warning:  include(config.php): Failed to open stream: No such file or directory in C:\xampp\htdocs\mysumbo\secure_pages\admin\users\payment.php on line 2
[01-Apr-2025 16:17:57 Europe/Berlin] PHP Warning:  include(): Failed opening 'config.php' for inclusion (include_path='C:\xampp\php\PEAR') in C:\xampp\htdocs\mysumbo\secure_pages\admin\users\payment.php on line 2
[01-Apr-2025 16:17:57 Europe/Berlin] PHP Notice:  session_start(): Ignoring session_start() because a session is already active in C:\xampp\htdocs\mysumbo\secure_pages\admin\users\payment.php on line 3
[01-Apr-2025 16:17:57 Europe/Berlin] PHP Warning:  Undefined variable $conn in C:\xampp\htdocs\mysumbo\secure_pages\admin\users\payment.php on line 14
[01-Apr-2025 16:17:57 Europe/Berlin] PHP Fatal error:  Uncaught Error: Call to a member function prepare() on null in C:\xampp\htdocs\mysumbo\secure_pages\admin\users\payment.php:14
Stack trace:
#0 C:\xampp\htdocs\mysumbo\secure_pages\settings.php(92): require()
#1 {main}
  thrown in C:\xampp\htdocs\mysumbo\secure_pages\admin\users\payment.php on line 14
[01-Apr-2025 16:18:38 Europe/Berlin] PHP Notice:  session_start(): Ignoring session_start() because a session is already active in C:\xampp\htdocs\mysumbo\secure_pages\admin\users\payment.php on line 3
[01-Apr-2025 16:18:38 Europe/Berlin] PHP Warning:  Undefined variable $conn in C:\xampp\htdocs\mysumbo\secure_pages\admin\users\payment.php on line 14
[01-Apr-2025 16:18:38 Europe/Berlin] PHP Fatal error:  Uncaught Error: Call to a member function prepare() on null in C:\xampp\htdocs\mysumbo\secure_pages\admin\users\payment.php:14
Stack trace:
#0 C:\xampp\htdocs\mysumbo\secure_pages\settings.php(92): require()
#1 {main}
  thrown in C:\xampp\htdocs\mysumbo\secure_pages\admin\users\payment.php on line 14
[01-Apr-2025 16:18:39 Europe/Berlin] PHP Notice:  session_start(): Ignoring session_start() because a session is already active in C:\xampp\htdocs\mysumbo\secure_pages\admin\users\payment.php on line 3
[01-Apr-2025 16:18:39 Europe/Berlin] PHP Warning:  Undefined variable $conn in C:\xampp\htdocs\mysumbo\secure_pages\admin\users\payment.php on line 14
[01-Apr-2025 16:18:39 Europe/Berlin] PHP Fatal error:  Uncaught Error: Call to a member function prepare() on null in C:\xampp\htdocs\mysumbo\secure_pages\admin\users\payment.php:14
Stack trace:
#0 C:\xampp\htdocs\mysumbo\secure_pages\settings.php(92): require()
#1 {main}
  thrown in C:\xampp\htdocs\mysumbo\secure_pages\admin\users\payment.php on line 14
[01-Apr-2025 16:18:51 Europe/Berlin] PHP Warning:  Undefined variable $conn in C:\xampp\htdocs\mysumbo\secure_pages\admin\users\payment.php on line 13
[01-Apr-2025 16:18:51 Europe/Berlin] PHP Fatal error:  Uncaught Error: Call to a member function prepare() on null in C:\xampp\htdocs\mysumbo\secure_pages\admin\users\payment.php:13
Stack trace:
#0 C:\xampp\htdocs\mysumbo\secure_pages\settings.php(92): require()
#1 {main}
  thrown in C:\xampp\htdocs\mysumbo\secure_pages\admin\users\payment.php on line 13
[01-Apr-2025 16:19:08 Europe/Berlin] PHP Fatal error:  Uncaught Error: Call to undefined method PDOStatement::bind_param() in C:\xampp\htdocs\mysumbo\secure_pages\admin\users\payment.php:14
Stack trace:
#0 C:\xampp\htdocs\mysumbo\secure_pages\settings.php(92): require()
#1 {main}
  thrown in C:\xampp\htdocs\mysumbo\secure_pages\admin\users\payment.php on line 14
[01-Apr-2025 22:03:26 Europe/Berlin] PHP Warning:  Undefined variable $courses in C:\xampp\htdocs\mysumbo\secure_pages\admin\courses\add-lesson.php on line 9
[01-Apr-2025 22:03:26 Europe/Berlin] PHP Warning:  foreach() argument must be of type array|object, null given in C:\xampp\htdocs\mysumbo\secure_pages\admin\courses\add-lesson.php on line 9
[01-Apr-2025 22:04:03 Europe/Berlin] PHP Warning:  Undefined variable $courses in C:\xampp\htdocs\mysumbo\secure_pages\admin\courses\add-lesson.php on line 9
[01-Apr-2025 22:04:03 Europe/Berlin] PHP Warning:  foreach() argument must be of type array|object, null given in C:\xampp\htdocs\mysumbo\secure_pages\admin\courses\add-lesson.php on line 9
[01-Apr-2025 22:04:04 Europe/Berlin] PHP Warning:  Undefined variable $courses in C:\xampp\htdocs\mysumbo\secure_pages\admin\courses\add-lesson.php on line 9
[01-Apr-2025 22:04:04 Europe/Berlin] PHP Warning:  foreach() argument must be of type array|object, null given in C:\xampp\htdocs\mysumbo\secure_pages\admin\courses\add-lesson.php on line 9
[01-Apr-2025 22:04:36 Europe/Berlin] PHP Warning:  Undefined variable $courses in C:\xampp\htdocs\mysumbo\secure_pages\admin\courses\add-lesson.php on line 9
[01-Apr-2025 22:04:36 Europe/Berlin] PHP Warning:  foreach() argument must be of type array|object, null given in C:\xampp\htdocs\mysumbo\secure_pages\admin\courses\add-lesson.php on line 9
[01-Apr-2025 22:06:05 Europe/Berlin] PHP Warning:  Undefined variable $courses in C:\xampp\htdocs\mysumbo\secure_pages\admin\courses\add-lesson.php on line 9
[01-Apr-2025 22:06:05 Europe/Berlin] PHP Warning:  foreach() argument must be of type array|object, null given in C:\xampp\htdocs\mysumbo\secure_pages\admin\courses\add-lesson.php on line 9
[01-Apr-2025 22:06:23 Europe/Berlin] PHP Warning:  Undefined variable $courses in C:\xampp\htdocs\mysumbo\secure_pages\admin\courses\add-lesson.php on line 9
[01-Apr-2025 22:06:23 Europe/Berlin] PHP Warning:  foreach() argument must be of type array|object, null given in C:\xampp\htdocs\mysumbo\secure_pages\admin\courses\add-lesson.php on line 9
[01-Apr-2025 22:08:58 Europe/Berlin] PHP Warning:  include(../config.php): Failed to open stream: No such file or directory in C:\xampp\htdocs\mysumbo\secure_pages\admin\courses\add-lesson.php on line 2
[01-Apr-2025 22:08:58 Europe/Berlin] PHP Warning:  include(): Failed opening '../config.php' for inclusion (include_path='C:\xampp\php\PEAR') in C:\xampp\htdocs\mysumbo\secure_pages\admin\courses\add-lesson.php on line 2
[01-Apr-2025 22:08:58 Europe/Berlin] PHP Warning:  Undefined variable $pdo in C:\xampp\htdocs\mysumbo\secure_pages\admin\courses\add-lesson.php on line 7
[01-Apr-2025 22:08:58 Europe/Berlin] PHP Fatal error:  Uncaught Error: Call to a member function prepare() on null in C:\xampp\htdocs\mysumbo\secure_pages\admin\courses\add-lesson.php:7
Stack trace:
#0 C:\xampp\htdocs\mysumbo\secure_pages\courses.php(86): require()
#1 {main}
  thrown in C:\xampp\htdocs\mysumbo\secure_pages\admin\courses\add-lesson.php on line 7
[01-Apr-2025 22:09:26 Europe/Berlin] PHP Fatal error:  Uncaught PDOException: SQLSTATE[42S22]: Column not found: 1054 Unknown column 'status' in 'where clause' in C:\xampp\htdocs\mysumbo\secure_pages\admin\courses\add-lesson.php:9
Stack trace:
#0 C:\xampp\htdocs\mysumbo\secure_pages\admin\courses\add-lesson.php(9): PDOStatement->execute()
#1 C:\xampp\htdocs\mysumbo\secure_pages\courses.php(86): require('C:\\xampp\\htdocs...')
#2 {main}
  thrown in C:\xampp\htdocs\mysumbo\secure_pages\admin\courses\add-lesson.php on line 9
[02-Apr-2025 01:05:18 Europe/Berlin] PHP Warning:  Undefined variable $course in C:\xampp\htdocs\mysumbo\secure_pages\admin\courses\add-lesson.php on line 20
[02-Apr-2025 01:05:18 Europe/Berlin] PHP Warning:  Trying to access array offset on value of type null in C:\xampp\htdocs\mysumbo\secure_pages\admin\courses\add-lesson.php on line 20
[02-Apr-2025 01:05:46 Europe/Berlin] PHP Warning:  Undefined variable $course in C:\xampp\htdocs\mysumbo\secure_pages\admin\courses\add-lesson.php on line 20
[02-Apr-2025 01:05:46 Europe/Berlin] PHP Warning:  Trying to access array offset on value of type null in C:\xampp\htdocs\mysumbo\secure_pages\admin\courses\add-lesson.php on line 20
[02-Apr-2025 01:06:22 Europe/Berlin] PHP Warning:  Undefined variable $course in C:\xampp\htdocs\mysumbo\secure_pages\admin\courses\add-lesson.php on line 20
[02-Apr-2025 01:06:22 Europe/Berlin] PHP Warning:  Trying to access array offset on value of type null in C:\xampp\htdocs\mysumbo\secure_pages\admin\courses\add-lesson.php on line 20
[02-Apr-2025 01:06:23 Europe/Berlin] PHP Warning:  Undefined variable $course in C:\xampp\htdocs\mysumbo\secure_pages\admin\courses\add-lesson.php on line 20
[02-Apr-2025 01:06:23 Europe/Berlin] PHP Warning:  Trying to access array offset on value of type null in C:\xampp\htdocs\mysumbo\secure_pages\admin\courses\add-lesson.php on line 20
[02-Apr-2025 01:09:48 Europe/Berlin] PHP Warning:  Undefined variable $course in C:\xampp\htdocs\mysumbo\secure_pages\admin\courses\add-lesson.php on line 11
[02-Apr-2025 01:09:48 Europe/Berlin] PHP Warning:  Trying to access array offset on value of type null in C:\xampp\htdocs\mysumbo\secure_pages\admin\courses\add-lesson.php on line 11
[02-Apr-2025 01:10:25 Europe/Berlin] PHP Warning:  Undefined array key "course_title" in C:\xampp\htdocs\mysumbo\secure_pages\admin\courses\add-lesson.php on line 11
[02-Apr-2025 01:11:29 Europe/Berlin] PHP Warning:  Undefined array key "course_title" in C:\xampp\htdocs\mysumbo\secure_pages\admin\courses\add-lesson.php on line 11
[02-Apr-2025 01:11:31 Europe/Berlin] PHP Warning:  Undefined array key "course_title" in C:\xampp\htdocs\mysumbo\secure_pages\admin\courses\add-lesson.php on line 11
[02-Apr-2025 01:18:35 Europe/Berlin] PHP Warning:  Undefined array key "course_title" in C:\xampp\htdocs\mysumbo\secure_pages\admin\courses\add-lesson.php on line 26
[02-Apr-2025 02:01:20 Europe/Berlin] PHP Notice:  session_start(): Ignoring session_start() because a session is already active in C:\xampp\htdocs\mysumbo\secure_pages\admin\users\orders.php on line 2
[02-Apr-2025 17:03:15 Europe/Berlin] PHP Warning:  require(../config.php): Failed to open stream: No such file or directory in C:\xampp\htdocs\mysumbo\secure_pages\admin\courses\courses.php on line 2
[02-Apr-2025 17:03:15 Europe/Berlin] PHP Fatal error:  Uncaught Error: Failed opening required '../config.php' (include_path='C:\xampp\php\PEAR') in C:\xampp\htdocs\mysumbo\secure_pages\admin\courses\courses.php:2
Stack trace:
#0 C:\xampp\htdocs\mysumbo\secure_pages\courses.php(87): require()
#1 {main}
  thrown in C:\xampp\htdocs\mysumbo\secure_pages\admin\courses\courses.php on line 2
